<?xml version="1.0" encoding="UTF-8"?>
<!-- Generated by org.testng.reporters.JUnitReportReporter -->
<testsuite hostname="DESKTOP-QE6MO3Q" failures="0" tests="1" name="TestScript.AlertpopTest" time="18.951" errors="0" timestamp="2023-01-03T12:39:13 IST" skipped="0">
  <testcase classname="TestScript.AlertpopTest" name="alertpopup" time="18.951"/>
  <system-out/>
</testsuite> <!-- TestScript.AlertpopTest -->
